Release 14.7 - xst P.20131013 (lin64)
Copyright (c) 1995-2013 Xilinx, Inc.  All rights reserved.
--> 
Parameter TMPDIR set to xst/projnav.tmp


Total REAL time to Xst completion: 3.00 secs
Total CPU time to Xst completion: 0.06 secs
 
--> 
Parameter xsthdpdir set to xst


Total REAL time to Xst completion: 3.00 secs
Total CPU time to Xst completion: 0.06 secs
 
--> 
Reading design: processor.prj

TABLE OF CONTENTS
  1) Synthesis Options Summary
  2) HDL Compilation
  3) Design Hierarchy Analysis
  4) HDL Analysis
  5) HDL Synthesis
     5.1) HDL Synthesis Report
  6) Advanced HDL Synthesis
     6.1) Advanced HDL Synthesis Report
  7) Low Level Synthesis
  8) Partition Report
  9) Final Report
	9.1) Device utilization summary
	9.2) Partition Resource Summary
	9.3) TIMING REPORT


=========================================================================
*                      Synthesis Options Summary                        *
=========================================================================
---- Source Parameters
Input File Name                    : "processor.prj"
Input Format                       : mixed
Ignore Synthesis Constraint File   : NO

---- Target Parameters
Output File Name                   : "processor"
Output Format                      : NGC
Target Device                      : xc3s500e-4-fg320

---- Source Options
Top Module Name                    : processor
Automatic FSM Extraction           : YES
FSM Encoding Algorithm             : Auto
Safe Implementation                : No
FSM Style                          : LUT
RAM Extraction                     : Yes
RAM Style                          : Auto
ROM Extraction                     : Yes
Mux Style                          : Auto
Decoder Extraction                 : YES
Priority Encoder Extraction        : Yes
Shift Register Extraction          : YES
Logical Shifter Extraction         : YES
XOR Collapsing                     : YES
ROM Style                          : Auto
Mux Extraction                     : Yes
Resource Sharing                   : YES
Asynchronous To Synchronous        : NO
Multiplier Style                   : Auto
Automatic Register Balancing       : No

---- Target Options
Add IO Buffers                     : YES
Global Maximum Fanout              : 500
Add Generic Clock Buffer(BUFG)     : 24
Register Duplication               : YES
Slice Packing                      : YES
Optimize Instantiated Primitives   : NO
Use Clock Enable                   : Yes
Use Synchronous Set                : Yes
Use Synchronous Reset              : Yes
Pack IO Registers into IOBs        : Auto
Equivalent register Removal        : YES

---- General Options
Optimization Goal                  : Speed
Optimization Effort                : 1
Keep Hierarchy                     : No
Netlist Hierarchy                  : As_Optimized
RTL Output                         : Yes
Global Optimization                : AllClockNets
Read Cores                         : YES
Write Timing Constraints           : NO
Cross Clock Analysis               : NO
Hierarchy Separator                : /
Bus Delimiter                      : <>
Case Specifier                     : Maintain
Slice Utilization Ratio            : 100
BRAM Utilization Ratio             : 100
Verilog 2001                       : YES
Auto BRAM Packing                  : NO
Slice Utilization Ratio Delta      : 5

=========================================================================


=========================================================================
*                          HDL Compilation                              *
=========================================================================
Compiling verilog file "Q3.v" in library work
Module <add1> compiled
Module <add4> compiled
Module <sub4> compiled
Module <and4> compiled
Module <or4> compiled
ERROR:HDLCompilers:26 - "Q3.v" line 107 unexpected token: 'add4'
ERROR:HDLCompilers:26 - "Q3.v" line 107 unexpected token: '.'
ERROR:HDLCompilers:26 - "Q3.v" line 107 expecting ';', found ','
ERROR:HDLCompilers:26 - "Q3.v" line 107 expecting ';', found ','
ERROR:HDLCompilers:26 - "Q3.v" line 107 expecting ';', found ','
ERROR:HDLCompilers:26 - "Q3.v" line 107 expecting ';', found ')'
ERROR:HDLCompilers:26 - "Q3.v" line 123 unexpected token: 'sub4'
ERROR:HDLCompilers:26 - "Q3.v" line 123 unexpected token: '.'
ERROR:HDLCompilers:26 - "Q3.v" line 123 expecting ';', found ','
ERROR:HDLCompilers:26 - "Q3.v" line 123 expecting ';', found ','
ERROR:HDLCompilers:26 - "Q3.v" line 123 expecting ';', found ','
ERROR:HDLCompilers:26 - "Q3.v" line 123 expecting ';', found ')'
ERROR:HDLCompilers:26 - "Q3.v" line 128 unexpected token: 'add4'
ERROR:HDLCompilers:26 - "Q3.v" line 128 unexpected token: '.'
ERROR:HDLCompilers:26 - "Q3.v" line 128 expecting ';', found ','
ERROR:HDLCompilers:26 - "Q3.v" line 128 expecting ';', found ','
ERROR:HDLCompilers:26 - "Q3.v" line 128 expecting ';', found ','
ERROR:HDLCompilers:26 - "Q3.v" line 128 expecting ';', found ')'
ERROR:HDLCompilers:26 - "Q3.v" line 144 unexpected token: 'and4'
ERROR:HDLCompilers:26 - "Q3.v" line 144 unexpected token: '.'
ERROR:HDLCompilers:26 - "Q3.v" line 144 expecting ';', found ','
ERROR:HDLCompilers:26 - "Q3.v" line 144 expecting ';', found ','
ERROR:HDLCompilers:26 - "Q3.v" line 144 expecting ';', found ')'
ERROR:HDLCompilers:26 - "Q3.v" line 158 unexpected token: 'or4'
ERROR:HDLCompilers:26 - "Q3.v" line 158 unexpected token: '.'
ERROR:HDLCompilers:26 - "Q3.v" line 158 expecting ';', found ','
ERROR:HDLCompilers:26 - "Q3.v" line 158 expecting ';', found ','
ERROR:HDLCompilers:26 - "Q3.v" line 158 expecting ';', found ')'
ERROR:HDLCompilers:28 - "Q3.v" line 170 'ref1' has not been declared
Module <alu4> compiled
Module <regfile> compiled
ERROR:HDLCompilers:26 - "Q3.v" line 243 unexpected token: 'regfile'
ERROR:HDLCompilers:26 - "Q3.v" line 243 unexpected token: '.'
ERROR:HDLCompilers:26 - "Q3.v" line 243 expecting ';', found ','
ERROR:HDLCompilers:26 - "Q3.v" line 243 expecting ';', found ','
ERROR:HDLCompilers:26 - "Q3.v" line 243 expecting ';', found ','
ERROR:HDLCompilers:26 - "Q3.v" line 243 expecting ';', found ','
ERROR:HDLCompilers:26 - "Q3.v" line 243 expecting ';', found ','
ERROR:HDLCompilers:26 - "Q3.v" line 243 expecting ';', found ','
ERROR:HDLCompilers:26 - "Q3.v" line 243 expecting ';', found ','
ERROR:HDLCompilers:26 - "Q3.v" line 243 expecting ';', found ')'
ERROR:HDLCompilers:28 - "Q3.v" line 245 'z' has not been declared
ERROR:HDLCompilers:28 - "Q3.v" line 246 'z' has not been declared
ERROR:HDLCompilers:28 - "Q3.v" line 247 'z' has not been declared
ERROR:HDLCompilers:26 - "Q3.v" line 254 unexpected token: 'alu4'
ERROR:HDLCompilers:26 - "Q3.v" line 254 unexpected token: '.'
ERROR:HDLCompilers:26 - "Q3.v" line 254 expecting ';', found ','
ERROR:HDLCompilers:26 - "Q3.v" line 254 expecting ';', found ','
ERROR:HDLCompilers:26 - "Q3.v" line 254 expecting ';', found ','
ERROR:HDLCompilers:26 - "Q3.v" line 254 expecting ';', found ','
ERROR:HDLCompilers:26 - "Q3.v" line 254 expecting ';', found ','
ERROR:HDLCompilers:26 - "Q3.v" line 254 expecting ';', found ','
ERROR:HDLCompilers:26 - "Q3.v" line 254 expecting ';', found ','
ERROR:HDLCompilers:26 - "Q3.v" line 254 expecting ';', found ','
ERROR:HDLCompilers:26 - "Q3.v" line 254 expecting ';', found ')'
ERROR:HDLCompilers:26 - "Q3.v" line 261 unexpected token: 'alu4'
ERROR:HDLCompilers:26 - "Q3.v" line 261 unexpected token: '.'
ERROR:HDLCompilers:26 - "Q3.v" line 261 expecting ';', found ','
ERROR:HDLCompilers:26 - "Q3.v" line 261 expecting ';', found ','
ERROR:HDLCompilers:26 - "Q3.v" line 261 expecting ';', found ','
ERROR:HDLCompilers:26 - "Q3.v" line 261 expecting ';', found ','
ERROR:HDLCompilers:26 - "Q3.v" line 261 expecting ';', found ','
ERROR:HDLCompilers:26 - "Q3.v" line 261 expecting ';', found ','
ERROR:HDLCompilers:26 - "Q3.v" line 261 expecting ';', found ','
ERROR:HDLCompilers:26 - "Q3.v" line 261 expecting ';', found ','
ERROR:HDLCompilers:26 - "Q3.v" line 261 expecting ';', found ')'
ERROR:HDLCompilers:26 - "Q3.v" line 268 unexpected token: 'alu4'
ERROR:HDLCompilers:26 - "Q3.v" line 268 unexpected token: '.'
ERROR:HDLCompilers:26 - "Q3.v" line 268 expecting ';', found ','
ERROR:HDLCompilers:26 - "Q3.v" line 268 expecting ';', found ','
ERROR:HDLCompilers:26 - "Q3.v" line 268 expecting ';', found ','
ERROR:HDLCompilers:26 - "Q3.v" line 268 expecting ';', found ','
ERROR:HDLCompilers:26 - "Q3.v" line 268 expecting ';', found ','
ERROR:HDLCompilers:26 - "Q3.v" line 268 expecting ';', found ','
ERROR:HDLCompilers:26 - "Q3.v" line 268 expecting ';', found ','
ERROR:HDLCompilers:26 - "Q3.v" line 268 expecting ';', found ','
ERROR:HDLCompilers:26 - "Q3.v" line 268 expecting ';', found ')'
ERROR:HDLCompilers:26 - "Q3.v" line 275 unexpected token: 'alu4'
ERROR:HDLCompilers:26 - "Q3.v" line 275 unexpected token: '.'
ERROR:HDLCompilers:26 - "Q3.v" line 275 expecting ';', found ','
ERROR:HDLCompilers:26 - "Q3.v" line 275 expecting ';', found ','
ERROR:HDLCompilers:26 - "Q3.v" line 275 expecting ';', found ','
ERROR:HDLCompilers:26 - "Q3.v" line 275 expecting ';', found ','
ERROR:HDLCompilers:26 - "Q3.v" line 275 expecting ';', found ','
ERROR:HDLCompilers:26 - "Q3.v" line 275 expecting ';', found ','
ERROR:HDLCompilers:26 - "Q3.v" line 275 expecting ';', found ','
ERROR:HDLCompilers:26 - "Q3.v" line 275 expecting ';', found ','
ERROR:HDLCompilers:26 - "Q3.v" line 275 expecting ';', found ')'
Module <processor> compiled
Analysis of file <"processor.prj"> failed.
--> 


Total memory usage is 492752 kilobytes

Number of errors   :   86 (   0 filtered)
Number of warnings :    0 (   0 filtered)
Number of infos    :    0 (   0 filtered)

