Release 14.7 - xst P.20131013 (lin64)
Copyright (c) 1995-2013 Xilinx, Inc.  All rights reserved.
--> 
Parameter TMPDIR set to xst/projnav.tmp


Total REAL time to Xst completion: 0.00 secs
Total CPU time to Xst completion: 0.06 secs
 
--> 
Parameter xsthdpdir set to xst


Total REAL time to Xst completion: 0.00 secs
Total CPU time to Xst completion: 0.06 secs
 
--> 
Reading design: Q1.prj

TABLE OF CONTENTS
  1) Synthesis Options Summary
  2) HDL Compilation
  3) Design Hierarchy Analysis
  4) HDL Analysis
  5) HDL Synthesis
     5.1) HDL Synthesis Report
  6) Advanced HDL Synthesis
     6.1) Advanced HDL Synthesis Report
  7) Low Level Synthesis
  8) Partition Report
  9) Final Report
	9.1) Device utilization summary
	9.2) Partition Resource Summary
	9.3) TIMING REPORT


=========================================================================
*                      Synthesis Options Summary                        *
=========================================================================
---- Source Parameters
Input File Name                    : "Q1.prj"
Input Format                       : mixed
Ignore Synthesis Constraint File   : NO

---- Target Parameters
Output File Name                   : "Q1"
Output Format                      : NGC
Target Device                      : xc3s500e-4-fg320

---- Source Options
Top Module Name                    : Q1
Automatic FSM Extraction           : YES
FSM Encoding Algorithm             : Auto
Safe Implementation                : No
FSM Style                          : LUT
RAM Extraction                     : Yes
RAM Style                          : Auto
ROM Extraction                     : Yes
Mux Style                          : Auto
Decoder Extraction                 : YES
Priority Encoder Extraction        : Yes
Shift Register Extraction          : YES
Logical Shifter Extraction         : YES
XOR Collapsing                     : YES
ROM Style                          : Auto
Mux Extraction                     : Yes
Resource Sharing                   : YES
Asynchronous To Synchronous        : NO
Multiplier Style                   : Auto
Automatic Register Balancing       : No

---- Target Options
Add IO Buffers                     : YES
Global Maximum Fanout              : 100000
Add Generic Clock Buffer(BUFG)     : 24
Register Duplication               : YES
Slice Packing                      : YES
Optimize Instantiated Primitives   : NO
Use Clock Enable                   : Yes
Use Synchronous Set                : Yes
Use Synchronous Reset              : Yes
Pack IO Registers into IOBs        : Auto
Equivalent register Removal        : YES

---- General Options
Optimization Goal                  : Speed
Optimization Effort                : 1
Keep Hierarchy                     : No
Netlist Hierarchy                  : As_Optimized
RTL Output                         : Yes
Global Optimization                : AllClockNets
Read Cores                         : YES
Write Timing Constraints           : NO
Cross Clock Analysis               : NO
Hierarchy Separator                : /
Bus Delimiter                      : <>
Case Specifier                     : Maintain
Slice Utilization Ratio            : 100
BRAM Utilization Ratio             : 100
Verilog 2001                       : YES
Auto BRAM Packing                  : NO
Slice Utilization Ratio Delta      : 5

=========================================================================


=========================================================================
*                          HDL Compilation                              *
=========================================================================
Compiling verilog file "Q1.v" in library work
Module <Q1> compiled
Module <printLCD> compiled
Module <add1> compiled
Module <add4> compiled
No errors in compilation
Analysis of file <"Q1.prj"> succeeded.
 

=========================================================================
*                     Design Hierarchy Analysis                         *
=========================================================================
Analyzing hierarchy for module <Q1> in library <work>.

Analyzing hierarchy for module <add4> in library <work>.

Analyzing hierarchy for module <printLCD> in library <work>.

Analyzing hierarchy for module <add1> in library <work>.


=========================================================================
*                            HDL Analysis                               *
=========================================================================
Analyzing top module <Q1>.
Module <Q1> is correct for synthesis.
 
Analyzing module <add4> in library <work>.
Module <add4> is correct for synthesis.
 
Analyzing module <add1> in library <work>.
Module <add1> is correct for synthesis.
 
Analyzing module <printLCD> in library <work>.
Module <printLCD> is correct for synthesis.
 

=========================================================================
*                           HDL Synthesis                               *
=========================================================================

Performing bidirectional port resolution...

Synthesizing Unit <printLCD>.
    Related source file is "Q1.v".
    Found 1-bit register for signal <a>.
    Found 1-bit register for signal <b>.
    Found 1-bit register for signal <c>.
    Found 1-bit register for signal <d>.
    Found 1-bit register for signal <e>.
    Found 1-bit register for signal <rs>.
    Found 1-bit register for signal <rw>.
    Found 6-bit register for signal <code>.
    Found 6-bit addsub for signal <code$addsub0000>.
    Found 6-bit adder for signal <code$addsub0001> created at line 231.
    Found 4-bit comparator lessequal for signal <code$cmp_le0000> created at line 218.
    Found 27-bit up counter for signal <count>.
    Found 1-bit register for signal <refresh>.
    Summary:
	inferred   1 Counter(s).
	inferred  14 D-type flip-flop(s).
	inferred   2 Adder/Subtractor(s).
	inferred   1 Comparator(s).
Unit <printLCD> synthesized.


Synthesizing Unit <add1>.
    Related source file is "Q1.v".
    Found 1-bit adder carry out for signal <AUX_1$addsub0001> created at line 256.
    Summary:
	inferred   2 Adder/Subtractor(s).
Unit <add1> synthesized.


Synthesizing Unit <add4>.
    Related source file is "Q1.v".
Unit <add4> synthesized.


Synthesizing Unit <Q1>.
    Related source file is "Q1.v".
    Found 4-bit register for signal <a>.
    Found 4-bit register for signal <b>.
    Summary:
	inferred   8 D-type flip-flop(s).
Unit <Q1> synthesized.

INFO:Xst:1767 - HDL ADVISOR - Resource sharing has identified that some arithmetic operations in this design can share the same physical resources for reduced device utilization. For improved clock frequency you may try to disable resource sharing.

=========================================================================
HDL Synthesis Report

Macro Statistics
# Adders/Subtractors                                   : 10
 1-bit adder carry out                                 : 4
 2-bit adder                                           : 4
 6-bit adder                                           : 1
 6-bit addsub                                          : 1
# Counters                                             : 1
 27-bit up counter                                     : 1
# Registers                                            : 11
 1-bit register                                        : 8
 4-bit register                                        : 2
 6-bit register                                        : 1
# Comparators                                          : 1
 4-bit comparator lessequal                            : 1

=========================================================================

=========================================================================
*                       Advanced HDL Synthesis                          *
=========================================================================


=========================================================================
Advanced HDL Synthesis Report

Macro Statistics
# Adders/Subtractors                                   : 10
 1-bit adder carry out                                 : 4
 2-bit adder                                           : 4
 6-bit adder                                           : 1
 6-bit addsub                                          : 1
# Counters                                             : 1
 27-bit up counter                                     : 1
# Registers                                            : 22
 Flip-Flops                                            : 22
# Comparators                                          : 1
 4-bit comparator lessequal                            : 1

=========================================================================

=========================================================================
*                         Low Level Synthesis                           *
=========================================================================

Optimizing unit <Q1> ...

Optimizing unit <printLCD> ...

Mapping all equations...
Building and optimizing final netlist ...
Found area constraint ratio of 100 (+ 5) on block Q1, actual ratio is 0.

Final Macro Processing ...

Processing Unit <Q1> :
	Found 2-bit shift register for signal <print_1/e>.
Unit <Q1> processed.

=========================================================================
Final Register Report

Macro Statistics
# Registers                                            : 47
 Flip-Flops                                            : 47
# Shift Registers                                      : 1
 2-bit shift register                                  : 1

=========================================================================

=========================================================================
*                           Partition Report                            *
=========================================================================

Partition Implementation Status
-------------------------------

  No Partitions were found in this design.

-------------------------------

=========================================================================
*                            Final Report                               *
=========================================================================
Final Results
RTL Top Level Output File Name     : Q1.ngr
Top Level Output File Name         : Q1
Output Format                      : NGC
Optimization Goal                  : Speed
Keep Hierarchy                     : No

Design Statistics
# IOs                              : 20

Cell Usage :
# BELS                             : 140
#      GND                         : 1
#      INV                         : 1
#      LUT1                        : 26
#      LUT2                        : 6
#      LUT2_D                      : 1
#      LUT3                        : 11
#      LUT3_D                      : 1
#      LUT4                        : 23
#      LUT4_L                      : 2
#      MUXCY                       : 31
#      MUXF5                       : 3
#      VCC                         : 1
#      XORCY                       : 33
# FlipFlops/Latches                : 48
#      FD                          : 37
#      FDE                         : 8
#      FDR                         : 2
#      FDS                         : 1
# Shift Registers                  : 1
#      SRL16                       : 1
# Clock Buffers                    : 1
#      BUFGP                       : 1
# IO Buffers                       : 19
#      IBUF                        : 6
#      OBUF                        : 13
=========================================================================

Device utilization summary:
---------------------------

Selected Device : 3s500efg320-4 

 Number of Slices:                       41  out of   4656     0%  
 Number of Slice Flip Flops:             48  out of   9312     0%  
 Number of 4 input LUTs:                 72  out of   9312     0%  
    Number used as logic:                71
    Number used as Shift registers:       1
 Number of IOs:                          20
 Number of bonded IOBs:                  20  out of    232     8%  
 Number of GCLKs:                         1  out of     24     4%  

---------------------------
Partition Resource Summary:
---------------------------

  No Partitions were found in this design.

---------------------------


=========================================================================
TIMING REPORT

NOTE: THESE TIMING NUMBERS ARE ONLY A SYNTHESIS ESTIMATE.
      FOR ACCURATE TIMING INFORMATION PLEASE REFER TO THE TRACE REPORT
      GENERATED AFTER PLACE-and-ROUTE.

Clock Information:
------------------
-----------------------------------+------------------------+-------+
Clock Signal                       | Clock buffer(FF name)  | Load  |
-----------------------------------+------------------------+-------+
clk                                | BUFGP                  | 49    |
-----------------------------------+------------------------+-------+

Asynchronous Control Signals Information:
----------------------------------------
No asynchronous control signals found in this design

Timing Summary:
---------------
Speed Grade: -4

   Minimum period: 9.126ns (Maximum Frequency: 109.577MHz)
   Minimum input arrival time before clock: 3.872ns
   Maximum output required time after clock: 7.350ns
   Maximum combinational path delay: No path found

Timing Detail:
--------------
All values displayed in nanoseconds (ns)

=========================================================================
Timing constraint: Default period analysis for Clock 'clk'
  Clock period: 9.126ns (frequency: 109.577MHz)
  Total number of paths / destination ports: 1346 / 44
-------------------------------------------------------------------------
Delay:               9.126ns (Levels of Logic = 11)
  Source:            b_1 (FF)
  Destination:       print_1/code_5 (FF)
  Source Clock:      clk rising
  Destination Clock: clk rising

  Data Path: b_1 to print_1/code_5
                                Gate     Net
    Cell:in->out      fanout   Delay   Delay  Logical Name (Net Name)
    ----------------------------------------  ------------
     FDE:C->Q              2   0.591   0.622  b_1 (b_1)
     LUT4:I0->O            5   0.704   0.668  add4_1/sum3/Madd_AUX_1_addsub0001_xor<0>111 (N01)
     LUT3:I2->O            8   0.704   0.836  add4_1/sum2/Madd_AUX_1_addsub0001_xor<0>11 (sum_2_OBUF)
     LUT3:I1->O            4   0.704   0.622  print_1/code_mux0000<3>221 (print_1/code_mux0001<1>_mand)
     LUT3:I2->O            1   0.704   0.000  print_1/Maddsub_code_addsub0000_lut<0> (print_1/Maddsub_code_addsub0000_lut<0>)
     MUXCY:S->O            1   0.464   0.000  print_1/Maddsub_code_addsub0000_cy<0> (print_1/Maddsub_code_addsub0000_cy<0>)
     MUXCY:CI->O           1   0.059   0.000  print_1/Maddsub_code_addsub0000_cy<1> (print_1/Maddsub_code_addsub0000_cy<1>)
     MUXCY:CI->O           1   0.059   0.000  print_1/Maddsub_code_addsub0000_cy<2> (print_1/Maddsub_code_addsub0000_cy<2>)
     MUXCY:CI->O           1   0.059   0.000  print_1/Maddsub_code_addsub0000_cy<3> (print_1/Maddsub_code_addsub0000_cy<3>)
     MUXCY:CI->O           0   0.059   0.000  print_1/Maddsub_code_addsub0000_cy<4> (print_1/Maddsub_code_addsub0000_cy<4>)
     XORCY:CI->O           1   0.804   0.455  print_1/Maddsub_code_addsub0000_xor<5> (print_1/code_addsub0000<5>)
     LUT3:I2->O            1   0.704   0.000  print_1/code_mux0000<0>1 (print_1/code_mux0000<0>1)
     FDR:D                     0.308          print_1/code_5
    ----------------------------------------
    Total                      9.126ns (5.923ns logic, 3.203ns route)
                                       (64.9% logic, 35.1% route)

=========================================================================
Timing constraint: Default OFFSET IN BEFORE for Clock 'clk'
  Total number of paths / destination ports: 20 / 16
-------------------------------------------------------------------------
Offset:              3.872ns (Levels of Logic = 2)
  Source:            push1 (PAD)
  Destination:       b_0 (FF)
  Destination Clock: clk rising

  Data Path: push1 to b_0
                                Gate     Net
    Cell:in->out      fanout   Delay   Delay  Logical Name (Net Name)
    ----------------------------------------  ------------
     IBUF:I->O             5   1.218   0.808  push1_IBUF (push1_IBUF)
     LUT2:I0->O            4   0.704   0.587  b_not00011 (b_not0001)
     FDE:CE                    0.555          b_0
    ----------------------------------------
    Total                      3.872ns (2.477ns logic, 1.395ns route)
                                       (64.0% logic, 36.0% route)

=========================================================================
Timing constraint: Default OFFSET OUT AFTER for Clock 'clk'
  Total number of paths / destination ports: 39 / 12
-------------------------------------------------------------------------
Offset:              7.350ns (Levels of Logic = 3)
  Source:            b_1 (FF)
  Destination:       sum<3> (PAD)
  Source Clock:      clk rising

  Data Path: b_1 to sum<3>
                                Gate     Net
    Cell:in->out      fanout   Delay   Delay  Logical Name (Net Name)
    ----------------------------------------  ------------
     FDE:C->Q              2   0.591   0.622  b_1 (b_1)
     LUT4:I0->O            5   0.704   0.637  add4_1/sum3/Madd_AUX_1_addsub0001_xor<0>111 (N01)
     LUT4:I3->O            9   0.704   0.820  add4_1/sum3/Madd_AUX_1_addsub0001_xor<0>11 (print_1/Maddsub_code_addsub0000_lut<3>)
     OBUF:I->O                 3.272          sum_3_OBUF (sum<3>)
    ----------------------------------------
    Total                      7.350ns (5.271ns logic, 2.079ns route)
                                       (71.7% logic, 28.3% route)

=========================================================================


Total REAL time to Xst completion: 6.00 secs
Total CPU time to Xst completion: 4.83 secs
 
--> 


Total memory usage is 516132 kilobytes

Number of errors   :    0 (   0 filtered)
Number of warnings :    0 (   0 filtered)
Number of infos    :    1 (   0 filtered)

